The target system is: Generic -  - ARM
The host system is: Linux - 4.15.0-43-generic - x86_64
Compiling the C compiler identification source file "CMakeCCompilerId.c" succeeded.
Compiler: /usr/bin/arm-none-eabi-gcc 
Build flags: 
Id flags: -c 

The output was:
0


Compilation of the C compiler identification source "CMakeCCompilerId.c" produced "CMakeCCompilerId.o"

The C compiler identification is GNU, found in "/home/wcsn/Documents/LoRaMac-node/build/CMakeFiles/3.10.2/CompilerIdC/CMakeCCompilerId.o"

Compiling the CXX compiler identification source file "CMakeCXXCompilerId.cpp" succeeded.
Compiler: /usr/bin/arm-none-eabi-g++ 
Build flags: 
Id flags: -c 

The output was:
0


Compilation of the CXX compiler identification source "CMakeCXXCompilerId.cpp" produced "CMakeCXXCompilerId.o"

The CXX compiler identification is GNU, found in "/home/wcsn/Documents/LoRaMac-node/build/CMakeFiles/3.10.2/CompilerIdCXX/CMakeCXXCompilerId.o"

Determining if the C compiler works passed with the following output:
Change Dir: /home/wcsn/Documents/LoRaMac-node/build/CMakeFiles/CMakeTmp

Run Build Command:"/usr/bin/make" "cmTC_365d4/fast"
/usr/bin/make -f CMakeFiles/cmTC_365d4.dir/build.make CMakeFiles/cmTC_365d4.dir/build
make[1]: Entering directory '/home/wcsn/Documents/LoRaMac-node/build/CMakeFiles/CMakeTmp'
Building C object CMakeFiles/cmTC_365d4.dir/testCCompiler.c.obj
/usr/bin/arm-none-eabi-gcc    -o CMakeFiles/cmTC_365d4.dir/testCCompiler.c.obj   -c /home/wcsn/Documents/LoRaMac-node/build/CMakeFiles/CMakeTmp/testCCompiler.c
Linking C static library libcmTC_365d4.a
/usr/bin/cmake -P CMakeFiles/cmTC_365d4.dir/cmake_clean_target.cmake
/usr/bin/cmake -E cmake_link_script CMakeFiles/cmTC_365d4.dir/link.txt --verbose=1
/usr/bin/arm-none-eabi-ar qc libcmTC_365d4.a  CMakeFiles/cmTC_365d4.dir/testCCompiler.c.obj
/usr/bin/arm-none-eabi-ranlib libcmTC_365d4.a
make[1]: Leaving directory '/home/wcsn/Documents/LoRaMac-node/build/CMakeFiles/CMakeTmp'


Detecting C compiler ABI info compiled with the following output:
Change Dir: /home/wcsn/Documents/LoRaMac-node/build/CMakeFiles/CMakeTmp

Run Build Command:"/usr/bin/make" "cmTC_64dfc/fast"
/usr/bin/make -f CMakeFiles/cmTC_64dfc.dir/build.make CMakeFiles/cmTC_64dfc.dir/build
make[1]: Entering directory '/home/wcsn/Documents/LoRaMac-node/build/CMakeFiles/CMakeTmp'
Building C object CMakeFiles/cmTC_64dfc.dir/CMakeCCompilerABI.c.obj
/usr/bin/arm-none-eabi-gcc    -o CMakeFiles/cmTC_64dfc.dir/CMakeCCompilerABI.c.obj   -c /usr/share/cmake-3.10/Modules/CMakeCCompilerABI.c
Linking C static library libcmTC_64dfc.a
/usr/bin/cmake -P CMakeFiles/cmTC_64dfc.dir/cmake_clean_target.cmake
/usr/bin/cmake -E cmake_link_script CMakeFiles/cmTC_64dfc.dir/link.txt --verbose=1
/usr/bin/arm-none-eabi-ar qc libcmTC_64dfc.a  CMakeFiles/cmTC_64dfc.dir/CMakeCCompilerABI.c.obj
/usr/bin/arm-none-eabi-ranlib libcmTC_64dfc.a
make[1]: Leaving directory '/home/wcsn/Documents/LoRaMac-node/build/CMakeFiles/CMakeTmp'


Parsed C implicit link information from above output:
  link line regex: [^( *|.*[/\])(arm-none-eabi-ld|CMAKE_LINK_STARTFILE-NOTFOUND|([^/\]+-)?ld|collect2)[^/\]*( |$)]
  ignore line: [Change Dir: /home/wcsn/Documents/LoRaMac-node/build/CMakeFiles/CMakeTmp]
  ignore line: []
  ignore line: [Run Build Command:"/usr/bin/make" "cmTC_64dfc/fast"]
  ignore line: [/usr/bin/make -f CMakeFiles/cmTC_64dfc.dir/build.make CMakeFiles/cmTC_64dfc.dir/build]
  ignore line: [make[1]: Entering directory '/home/wcsn/Documents/LoRaMac-node/build/CMakeFiles/CMakeTmp']
  ignore line: [Building C object CMakeFiles/cmTC_64dfc.dir/CMakeCCompilerABI.c.obj]
  ignore line: [/usr/bin/arm-none-eabi-gcc    -o CMakeFiles/cmTC_64dfc.dir/CMakeCCompilerABI.c.obj   -c /usr/share/cmake-3.10/Modules/CMakeCCompilerABI.c]
  ignore line: [Linking C static library libcmTC_64dfc.a]
  ignore line: [/usr/bin/cmake -P CMakeFiles/cmTC_64dfc.dir/cmake_clean_target.cmake]
  ignore line: [/usr/bin/cmake -E cmake_link_script CMakeFiles/cmTC_64dfc.dir/link.txt --verbose=1]
  ignore line: [/usr/bin/arm-none-eabi-ar qc libcmTC_64dfc.a  CMakeFiles/cmTC_64dfc.dir/CMakeCCompilerABI.c.obj]
  ignore line: [/usr/bin/arm-none-eabi-ranlib libcmTC_64dfc.a]
  ignore line: [make[1]: Leaving directory '/home/wcsn/Documents/LoRaMac-node/build/CMakeFiles/CMakeTmp']
  ignore line: []
  implicit libs: []
  implicit dirs: []
  implicit fwks: []




Detecting C [-std=c11] compiler features compiled with the following output:
Change Dir: /home/wcsn/Documents/LoRaMac-node/build/CMakeFiles/CMakeTmp

Run Build Command:"/usr/bin/make" "cmTC_9f6a0/fast"
/usr/bin/make -f CMakeFiles/cmTC_9f6a0.dir/build.make CMakeFiles/cmTC_9f6a0.dir/build
make[1]: Entering directory '/home/wcsn/Documents/LoRaMac-node/build/CMakeFiles/CMakeTmp'
Building C object CMakeFiles/cmTC_9f6a0.dir/feature_tests.c.obj
/usr/bin/arm-none-eabi-gcc   -std=c11 -o CMakeFiles/cmTC_9f6a0.dir/feature_tests.c.obj   -c /home/wcsn/Documents/LoRaMac-node/build/CMakeFiles/feature_tests.c
Linking C static library libcmTC_9f6a0.a
/usr/bin/cmake -P CMakeFiles/cmTC_9f6a0.dir/cmake_clean_target.cmake
/usr/bin/cmake -E cmake_link_script CMakeFiles/cmTC_9f6a0.dir/link.txt --verbose=1
/usr/bin/arm-none-eabi-ar qc libcmTC_9f6a0.a  CMakeFiles/cmTC_9f6a0.dir/feature_tests.c.obj
/usr/bin/arm-none-eabi-ranlib libcmTC_9f6a0.a
make[1]: Leaving directory '/home/wcsn/Documents/LoRaMac-node/build/CMakeFiles/CMakeTmp'


    Feature record: C_FEATURE:1c_function_prototypes
    Feature record: C_FEATURE:1c_restrict
    Feature record: C_FEATURE:1c_static_assert
    Feature record: C_FEATURE:1c_variadic_macros


Detecting C [-std=c99] compiler features compiled with the following output:
Change Dir: /home/wcsn/Documents/LoRaMac-node/build/CMakeFiles/CMakeTmp

Run Build Command:"/usr/bin/make" "cmTC_783d2/fast"
/usr/bin/make -f CMakeFiles/cmTC_783d2.dir/build.make CMakeFiles/cmTC_783d2.dir/build
make[1]: Entering directory '/home/wcsn/Documents/LoRaMac-node/build/CMakeFiles/CMakeTmp'
Building C object CMakeFiles/cmTC_783d2.dir/feature_tests.c.obj
/usr/bin/arm-none-eabi-gcc   -std=c99 -o CMakeFiles/cmTC_783d2.dir/feature_tests.c.obj   -c /home/wcsn/Documents/LoRaMac-node/build/CMakeFiles/feature_tests.c
Linking C static library libcmTC_783d2.a
/usr/bin/cmake -P CMakeFiles/cmTC_783d2.dir/cmake_clean_target.cmake
/usr/bin/cmake -E cmake_link_script CMakeFiles/cmTC_783d2.dir/link.txt --verbose=1
/usr/bin/arm-none-eabi-ar qc libcmTC_783d2.a  CMakeFiles/cmTC_783d2.dir/feature_tests.c.obj
/usr/bin/arm-none-eabi-ranlib libcmTC_783d2.a
make[1]: Leaving directory '/home/wcsn/Documents/LoRaMac-node/build/CMakeFiles/CMakeTmp'


    Feature record: C_FEATURE:1c_function_prototypes
    Feature record: C_FEATURE:1c_restrict
    Feature record: C_FEATURE:0c_static_assert
    Feature record: C_FEATURE:1c_variadic_macros


Detecting C [-std=c90] compiler features compiled with the following output:
Change Dir: /home/wcsn/Documents/LoRaMac-node/build/CMakeFiles/CMakeTmp

Run Build Command:"/usr/bin/make" "cmTC_07a6a/fast"
/usr/bin/make -f CMakeFiles/cmTC_07a6a.dir/build.make CMakeFiles/cmTC_07a6a.dir/build
make[1]: Entering directory '/home/wcsn/Documents/LoRaMac-node/build/CMakeFiles/CMakeTmp'
Building C object CMakeFiles/cmTC_07a6a.dir/feature_tests.c.obj
/usr/bin/arm-none-eabi-gcc   -std=c90 -o CMakeFiles/cmTC_07a6a.dir/feature_tests.c.obj   -c /home/wcsn/Documents/LoRaMac-node/build/CMakeFiles/feature_tests.c
Linking C static library libcmTC_07a6a.a
/usr/bin/cmake -P CMakeFiles/cmTC_07a6a.dir/cmake_clean_target.cmake
/usr/bin/cmake -E cmake_link_script CMakeFiles/cmTC_07a6a.dir/link.txt --verbose=1
/usr/bin/arm-none-eabi-ar qc libcmTC_07a6a.a  CMakeFiles/cmTC_07a6a.dir/feature_tests.c.obj
/usr/bin/arm-none-eabi-ranlib libcmTC_07a6a.a
make[1]: Leaving directory '/home/wcsn/Documents/LoRaMac-node/build/CMakeFiles/CMakeTmp'


    Feature record: C_FEATURE:1c_function_prototypes
    Feature record: C_FEATURE:0c_restrict
    Feature record: C_FEATURE:0c_static_assert
    Feature record: C_FEATURE:0c_variadic_macros
Determining if the CXX compiler works passed with the following output:
Change Dir: /home/wcsn/Documents/LoRaMac-node/build/CMakeFiles/CMakeTmp

Run Build Command:"/usr/bin/make" "cmTC_24277/fast"
/usr/bin/make -f CMakeFiles/cmTC_24277.dir/build.make CMakeFiles/cmTC_24277.dir/build
make[1]: Entering directory '/home/wcsn/Documents/LoRaMac-node/build/CMakeFiles/CMakeTmp'
Building CXX object CMakeFiles/cmTC_24277.dir/testCXXCompiler.cxx.obj
/usr/bin/arm-none-eabi-g++     -o CMakeFiles/cmTC_24277.dir/testCXXCompiler.cxx.obj -c /home/wcsn/Documents/LoRaMac-node/build/CMakeFiles/CMakeTmp/testCXXCompiler.cxx
Linking CXX static library libcmTC_24277.a
/usr/bin/cmake -P CMakeFiles/cmTC_24277.dir/cmake_clean_target.cmake
/usr/bin/cmake -E cmake_link_script CMakeFiles/cmTC_24277.dir/link.txt --verbose=1
/usr/bin/arm-none-eabi-ar qc libcmTC_24277.a  CMakeFiles/cmTC_24277.dir/testCXXCompiler.cxx.obj
/usr/bin/arm-none-eabi-ranlib libcmTC_24277.a
make[1]: Leaving directory '/home/wcsn/Documents/LoRaMac-node/build/CMakeFiles/CMakeTmp'


Detecting CXX compiler ABI info compiled with the following output:
Change Dir: /home/wcsn/Documents/LoRaMac-node/build/CMakeFiles/CMakeTmp

Run Build Command:"/usr/bin/make" "cmTC_1ee9b/fast"
/usr/bin/make -f CMakeFiles/cmTC_1ee9b.dir/build.make CMakeFiles/cmTC_1ee9b.dir/build
make[1]: Entering directory '/home/wcsn/Documents/LoRaMac-node/build/CMakeFiles/CMakeTmp'
Building CXX object CMakeFiles/cmTC_1ee9b.dir/CMakeCXXCompilerABI.cpp.obj
/usr/bin/arm-none-eabi-g++     -o CMakeFiles/cmTC_1ee9b.dir/CMakeCXXCompilerABI.cpp.obj -c /usr/share/cmake-3.10/Modules/CMakeCXXCompilerABI.cpp
Linking CXX static library libcmTC_1ee9b.a
/usr/bin/cmake -P CMakeFiles/cmTC_1ee9b.dir/cmake_clean_target.cmake
/usr/bin/cmake -E cmake_link_script CMakeFiles/cmTC_1ee9b.dir/link.txt --verbose=1
/usr/bin/arm-none-eabi-ar qc libcmTC_1ee9b.a  CMakeFiles/cmTC_1ee9b.dir/CMakeCXXCompilerABI.cpp.obj
/usr/bin/arm-none-eabi-ranlib libcmTC_1ee9b.a
make[1]: Leaving directory '/home/wcsn/Documents/LoRaMac-node/build/CMakeFiles/CMakeTmp'


Parsed CXX implicit link information from above output:
  link line regex: [^( *|.*[/\])(arm-none-eabi-ld|CMAKE_LINK_STARTFILE-NOTFOUND|([^/\]+-)?ld|collect2)[^/\]*( |$)]
  ignore line: [Change Dir: /home/wcsn/Documents/LoRaMac-node/build/CMakeFiles/CMakeTmp]
  ignore line: []
  ignore line: [Run Build Command:"/usr/bin/make" "cmTC_1ee9b/fast"]
  ignore line: [/usr/bin/make -f CMakeFiles/cmTC_1ee9b.dir/build.make CMakeFiles/cmTC_1ee9b.dir/build]
  ignore line: [make[1]: Entering directory '/home/wcsn/Documents/LoRaMac-node/build/CMakeFiles/CMakeTmp']
  ignore line: [Building CXX object CMakeFiles/cmTC_1ee9b.dir/CMakeCXXCompilerABI.cpp.obj]
  ignore line: [/usr/bin/arm-none-eabi-g++     -o CMakeFiles/cmTC_1ee9b.dir/CMakeCXXCompilerABI.cpp.obj -c /usr/share/cmake-3.10/Modules/CMakeCXXCompilerABI.cpp]
  ignore line: [Linking CXX static library libcmTC_1ee9b.a]
  ignore line: [/usr/bin/cmake -P CMakeFiles/cmTC_1ee9b.dir/cmake_clean_target.cmake]
  ignore line: [/usr/bin/cmake -E cmake_link_script CMakeFiles/cmTC_1ee9b.dir/link.txt --verbose=1]
  ignore line: [/usr/bin/arm-none-eabi-ar qc libcmTC_1ee9b.a  CMakeFiles/cmTC_1ee9b.dir/CMakeCXXCompilerABI.cpp.obj]
  ignore line: [/usr/bin/arm-none-eabi-ranlib libcmTC_1ee9b.a]
  ignore line: [make[1]: Leaving directory '/home/wcsn/Documents/LoRaMac-node/build/CMakeFiles/CMakeTmp']
  ignore line: []
  implicit libs: []
  implicit dirs: []
  implicit fwks: []




Detecting CXX [-std=c++1z] compiler features compiled with the following output:
Change Dir: /home/wcsn/Documents/LoRaMac-node/build/CMakeFiles/CMakeTmp

Run Build Command:"/usr/bin/make" "cmTC_b4f90/fast"
/usr/bin/make -f CMakeFiles/cmTC_b4f90.dir/build.make CMakeFiles/cmTC_b4f90.dir/build
make[1]: Entering directory '/home/wcsn/Documents/LoRaMac-node/build/CMakeFiles/CMakeTmp'
Building CXX object CMakeFiles/cmTC_b4f90.dir/feature_tests.cxx.obj
/usr/bin/arm-none-eabi-g++    -std=c++1z -o CMakeFiles/cmTC_b4f90.dir/feature_tests.cxx.obj -c /home/wcsn/Documents/LoRaMac-node/build/CMakeFiles/feature_tests.cxx
Linking CXX static library libcmTC_b4f90.a
/usr/bin/cmake -P CMakeFiles/cmTC_b4f90.dir/cmake_clean_target.cmake
/usr/bin/cmake -E cmake_link_script CMakeFiles/cmTC_b4f90.dir/link.txt --verbose=1
/usr/bin/arm-none-eabi-ar qc libcmTC_b4f90.a  CMakeFiles/cmTC_b4f90.dir/feature_tests.cxx.obj
/usr/bin/arm-none-eabi-ranlib libcmTC_b4f90.a
make[1]: Leaving directory '/home/wcsn/Documents/LoRaMac-node/build/CMakeFiles/CMakeTmp'


    Feature record: CXX_FEATURE:1cxx_aggregate_default_initializers
    Feature record: CXX_FEATURE:1cxx_alias_templates
    Feature record: CXX_FEATURE:1cxx_alignas
    Feature record: CXX_FEATURE:1cxx_alignof
    Feature record: CXX_FEATURE:1cxx_attributes
    Feature record: CXX_FEATURE:1cxx_attribute_deprecated
    Feature record: CXX_FEATURE:1cxx_auto_type
    Feature record: CXX_FEATURE:1cxx_binary_literals
    Feature record: CXX_FEATURE:1cxx_constexpr
    Feature record: CXX_FEATURE:1cxx_contextual_conversions
    Feature record: CXX_FEATURE:1cxx_decltype
    Feature record: CXX_FEATURE:1cxx_decltype_auto
    Feature record: CXX_FEATURE:1cxx_decltype_incomplete_return_types
    Feature record: CXX_FEATURE:1cxx_default_function_template_args
    Feature record: CXX_FEATURE:1cxx_defaulted_functions
    Feature record: CXX_FEATURE:1cxx_defaulted_move_initializers
    Feature record: CXX_FEATURE:1cxx_delegating_constructors
    Feature record: CXX_FEATURE:1cxx_deleted_functions
    Feature record: CXX_FEATURE:1cxx_digit_separators
    Feature record: CXX_FEATURE:1cxx_enum_forward_declarations
    Feature record: CXX_FEATURE:1cxx_explicit_conversions
    Feature record: CXX_FEATURE:1cxx_extended_friend_declarations
    Feature record: CXX_FEATURE:1cxx_extern_templates
    Feature record: CXX_FEATURE:1cxx_final
    Feature record: CXX_FEATURE:1cxx_func_identifier
    Feature record: CXX_FEATURE:1cxx_generalized_initializers
    Feature record: CXX_FEATURE:1cxx_generic_lambdas
    Feature record: CXX_FEATURE:1cxx_inheriting_constructors
    Feature record: CXX_FEATURE:1cxx_inline_namespaces
    Feature record: CXX_FEATURE:1cxx_lambdas
    Feature record: CXX_FEATURE:1cxx_lambda_init_captures
    Feature record: CXX_FEATURE:1cxx_local_type_template_args
    Feature record: CXX_FEATURE:1cxx_long_long_type
    Feature record: CXX_FEATURE:1cxx_noexcept
    Feature record: CXX_FEATURE:1cxx_nonstatic_member_init
    Feature record: CXX_FEATURE:1cxx_nullptr
    Feature record: CXX_FEATURE:1cxx_override
    Feature record: CXX_FEATURE:1cxx_range_for
    Feature record: CXX_FEATURE:1cxx_raw_string_literals
    Feature record: CXX_FEATURE:1cxx_reference_qualified_functions
    Feature record: CXX_FEATURE:1cxx_relaxed_constexpr
    Feature record: CXX_FEATURE:1cxx_return_type_deduction
    Feature record: CXX_FEATURE:1cxx_right_angle_brackets
    Feature record: CXX_FEATURE:1cxx_rvalue_references
    Feature record: CXX_FEATURE:1cxx_sizeof_member
    Feature record: CXX_FEATURE:1cxx_static_assert
    Feature record: CXX_FEATURE:1cxx_strong_enums
    Feature record: CXX_FEATURE:1cxx_template_template_parameters
    Feature record: CXX_FEATURE:1cxx_thread_local
    Feature record: CXX_FEATURE:1cxx_trailing_return_types
    Feature record: CXX_FEATURE:1cxx_unicode_literals
    Feature record: CXX_FEATURE:1cxx_uniform_initialization
    Feature record: CXX_FEATURE:1cxx_unrestricted_unions
    Feature record: CXX_FEATURE:1cxx_user_literals
    Feature record: CXX_FEATURE:1cxx_variable_templates
    Feature record: CXX_FEATURE:1cxx_variadic_macros
    Feature record: CXX_FEATURE:1cxx_variadic_templates


Detecting CXX [-std=c++14] compiler features compiled with the following output:
Change Dir: /home/wcsn/Documents/LoRaMac-node/build/CMakeFiles/CMakeTmp

Run Build Command:"/usr/bin/make" "cmTC_c1023/fast"
/usr/bin/make -f CMakeFiles/cmTC_c1023.dir/build.make CMakeFiles/cmTC_c1023.dir/build
make[1]: Entering directory '/home/wcsn/Documents/LoRaMac-node/build/CMakeFiles/CMakeTmp'
Building CXX object CMakeFiles/cmTC_c1023.dir/feature_tests.cxx.obj
/usr/bin/arm-none-eabi-g++    -std=c++14 -o CMakeFiles/cmTC_c1023.dir/feature_tests.cxx.obj -c /home/wcsn/Documents/LoRaMac-node/build/CMakeFiles/feature_tests.cxx
Linking CXX static library libcmTC_c1023.a
/usr/bin/cmake -P CMakeFiles/cmTC_c1023.dir/cmake_clean_target.cmake
/usr/bin/cmake -E cmake_link_script CMakeFiles/cmTC_c1023.dir/link.txt --verbose=1
/usr/bin/arm-none-eabi-ar qc libcmTC_c1023.a  CMakeFiles/cmTC_c1023.dir/feature_tests.cxx.obj
/usr/bin/arm-none-eabi-ranlib libcmTC_c1023.a
make[1]: Leaving directory '/home/wcsn/Documents/LoRaMac-node/build/CMakeFiles/CMakeTmp'


    Feature record: CXX_FEATURE:1cxx_aggregate_default_initializers
    Feature record: CXX_FEATURE:1cxx_alias_templates
    Feature record: CXX_FEATURE:1cxx_alignas
    Feature record: CXX_FEATURE:1cxx_alignof
    Feature record: CXX_FEATURE:1cxx_attributes
    Feature record: CXX_FEATURE:1cxx_attribute_deprecated
    Feature record: CXX_FEATURE:1cxx_auto_type
    Feature record: CXX_FEATURE:1cxx_binary_literals
    Feature record: CXX_FEATURE:1cxx_constexpr
    Feature record: CXX_FEATURE:1cxx_contextual_conversions
    Feature record: CXX_FEATURE:1cxx_decltype
    Feature record: CXX_FEATURE:1cxx_decltype_auto
    Feature record: CXX_FEATURE:1cxx_decltype_incomplete_return_types
    Feature record: CXX_FEATURE:1cxx_default_function_template_args
    Feature record: CXX_FEATURE:1cxx_defaulted_functions
    Feature record: CXX_FEATURE:1cxx_defaulted_move_initializers
    Feature record: CXX_FEATURE:1cxx_delegating_constructors
    Feature record: CXX_FEATURE:1cxx_deleted_functions
    Feature record: CXX_FEATURE:1cxx_digit_separators
    Feature record: CXX_FEATURE:1cxx_enum_forward_declarations
    Feature record: CXX_FEATURE:1cxx_explicit_conversions
    Feature record: CXX_FEATURE:1cxx_extended_friend_declarations
    Feature record: CXX_FEATURE:1cxx_extern_templates
    Feature record: CXX_FEATURE:1cxx_final
    Feature record: CXX_FEATURE:1cxx_func_identifier
    Feature record: CXX_FEATURE:1cxx_generalized_initializers
    Feature record: CXX_FEATURE:1cxx_generic_lambdas
    Feature record: CXX_FEATURE:1cxx_inheriting_constructors
    Feature record: CXX_FEATURE:1cxx_inline_namespaces
    Feature record: CXX_FEATURE:1cxx_lambdas
    Feature record: CXX_FEATURE:1cxx_lambda_init_captures
    Feature record: CXX_FEATURE:1cxx_local_type_template_args
    Feature record: CXX_FEATURE:1cxx_long_long_type
    Feature record: CXX_FEATURE:1cxx_noexcept
    Feature record: CXX_FEATURE:1cxx_nonstatic_member_init
    Feature record: CXX_FEATURE:1cxx_nullptr
    Feature record: CXX_FEATURE:1cxx_override
    Feature record: CXX_FEATURE:1cxx_range_for
    Feature record: CXX_FEATURE:1cxx_raw_string_literals
    Feature record: CXX_FEATURE:1cxx_reference_qualified_functions
    Feature record: CXX_FEATURE:1cxx_relaxed_constexpr
    Feature record: CXX_FEATURE:1cxx_return_type_deduction
    Feature record: CXX_FEATURE:1cxx_right_angle_brackets
    Feature record: CXX_FEATURE:1cxx_rvalue_references
    Feature record: CXX_FEATURE:1cxx_sizeof_member
    Feature record: CXX_FEATURE:1cxx_static_assert
    Feature record: CXX_FEATURE:1cxx_strong_enums
    Feature record: CXX_FEATURE:1cxx_template_template_parameters
    Feature record: CXX_FEATURE:1cxx_thread_local
    Feature record: CXX_FEATURE:1cxx_trailing_return_types
    Feature record: CXX_FEATURE:1cxx_unicode_literals
    Feature record: CXX_FEATURE:1cxx_uniform_initialization
    Feature record: CXX_FEATURE:1cxx_unrestricted_unions
    Feature record: CXX_FEATURE:1cxx_user_literals
    Feature record: CXX_FEATURE:1cxx_variable_templates
    Feature record: CXX_FEATURE:1cxx_variadic_macros
    Feature record: CXX_FEATURE:1cxx_variadic_templates


Detecting CXX [-std=c++11] compiler features compiled with the following output:
Change Dir: /home/wcsn/Documents/LoRaMac-node/build/CMakeFiles/CMakeTmp

Run Build Command:"/usr/bin/make" "cmTC_db015/fast"
/usr/bin/make -f CMakeFiles/cmTC_db015.dir/build.make CMakeFiles/cmTC_db015.dir/build
make[1]: Entering directory '/home/wcsn/Documents/LoRaMac-node/build/CMakeFiles/CMakeTmp'
Building CXX object CMakeFiles/cmTC_db015.dir/feature_tests.cxx.obj
/usr/bin/arm-none-eabi-g++    -std=c++11 -o CMakeFiles/cmTC_db015.dir/feature_tests.cxx.obj -c /home/wcsn/Documents/LoRaMac-node/build/CMakeFiles/feature_tests.cxx
Linking CXX static library libcmTC_db015.a
/usr/bin/cmake -P CMakeFiles/cmTC_db015.dir/cmake_clean_target.cmake
/usr/bin/cmake -E cmake_link_script CMakeFiles/cmTC_db015.dir/link.txt --verbose=1
/usr/bin/arm-none-eabi-ar qc libcmTC_db015.a  CMakeFiles/cmTC_db015.dir/feature_tests.cxx.obj
/usr/bin/arm-none-eabi-ranlib libcmTC_db015.a
make[1]: Leaving directory '/home/wcsn/Documents/LoRaMac-node/build/CMakeFiles/CMakeTmp'


    Feature record: CXX_FEATURE:0cxx_aggregate_default_initializers
    Feature record: CXX_FEATURE:1cxx_alias_templates
    Feature record: CXX_FEATURE:1cxx_alignas
    Feature record: CXX_FEATURE:1cxx_alignof
    Feature record: CXX_FEATURE:1cxx_attributes
    Feature record: CXX_FEATURE:0cxx_attribute_deprecated
    Feature record: CXX_FEATURE:1cxx_auto_type
    Feature record: CXX_FEATURE:0cxx_binary_literals
    Feature record: CXX_FEATURE:1cxx_constexpr
    Feature record: CXX_FEATURE:0cxx_contextual_conversions
    Feature record: CXX_FEATURE:1cxx_decltype
    Feature record: CXX_FEATURE:0cxx_decltype_auto
    Feature record: CXX_FEATURE:1cxx_decltype_incomplete_return_types
    Feature record: CXX_FEATURE:1cxx_default_function_template_args
    Feature record: CXX_FEATURE:1cxx_defaulted_functions
    Feature record: CXX_FEATURE:1cxx_defaulted_move_initializers
    Feature record: CXX_FEATURE:1cxx_delegating_constructors
    Feature record: CXX_FEATURE:1cxx_deleted_functions
    Feature record: CXX_FEATURE:0cxx_digit_separators
    Feature record: CXX_FEATURE:1cxx_enum_forward_declarations
    Feature record: CXX_FEATURE:1cxx_explicit_conversions
    Feature record: CXX_FEATURE:1cxx_extended_friend_declarations
    Feature record: CXX_FEATURE:1cxx_extern_templates
    Feature record: CXX_FEATURE:1cxx_final
    Feature record: CXX_FEATURE:1cxx_func_identifier
    Feature record: CXX_FEATURE:1cxx_generalized_initializers
    Feature record: CXX_FEATURE:0cxx_generic_lambdas
    Feature record: CXX_FEATURE:1cxx_inheriting_constructors
    Feature record: CXX_FEATURE:1cxx_inline_namespaces
    Feature record: CXX_FEATURE:1cxx_lambdas
    Feature record: CXX_FEATURE:0cxx_lambda_init_captures
    Feature record: CXX_FEATURE:1cxx_local_type_template_args
    Feature record: CXX_FEATURE:1cxx_long_long_type
    Feature record: CXX_FEATURE:1cxx_noexcept
    Feature record: CXX_FEATURE:1cxx_nonstatic_member_init
    Feature record: CXX_FEATURE:1cxx_nullptr
    Feature record: CXX_FEATURE:1cxx_override
    Feature record: CXX_FEATURE:1cxx_range_for
    Feature record: CXX_FEATURE:1cxx_raw_string_literals
    Feature record: CXX_FEATURE:1cxx_reference_qualified_functions
    Feature record: CXX_FEATURE:0cxx_relaxed_constexpr
    Feature record: CXX_FEATURE:0cxx_return_type_deduction
    Feature record: CXX_FEATURE:1cxx_right_angle_brackets
    Feature record: CXX_FEATURE:1cxx_rvalue_references
    Feature record: CXX_FEATURE:1cxx_sizeof_member
    Feature record: CXX_FEATURE:1cxx_static_assert
    Feature record: CXX_FEATURE:1cxx_strong_enums
    Feature record: CXX_FEATURE:1cxx_template_template_parameters
    Feature record: CXX_FEATURE:1cxx_thread_local
    Feature record: CXX_FEATURE:1cxx_trailing_return_types
    Feature record: CXX_FEATURE:1cxx_unicode_literals
    Feature record: CXX_FEATURE:1cxx_uniform_initialization
    Feature record: CXX_FEATURE:1cxx_unrestricted_unions
    Feature record: CXX_FEATURE:1cxx_user_literals
    Feature record: CXX_FEATURE:0cxx_variable_templates
    Feature record: CXX_FEATURE:1cxx_variadic_macros
    Feature record: CXX_FEATURE:1cxx_variadic_templates


Detecting CXX [-std=c++98] compiler features compiled with the following output:
Change Dir: /home/wcsn/Documents/LoRaMac-node/build/CMakeFiles/CMakeTmp

Run Build Command:"/usr/bin/make" "cmTC_0bc2b/fast"
/usr/bin/make -f CMakeFiles/cmTC_0bc2b.dir/build.make CMakeFiles/cmTC_0bc2b.dir/build
make[1]: Entering directory '/home/wcsn/Documents/LoRaMac-node/build/CMakeFiles/CMakeTmp'
Building CXX object CMakeFiles/cmTC_0bc2b.dir/feature_tests.cxx.obj
/usr/bin/arm-none-eabi-g++    -std=c++98 -o CMakeFiles/cmTC_0bc2b.dir/feature_tests.cxx.obj -c /home/wcsn/Documents/LoRaMac-node/build/CMakeFiles/feature_tests.cxx
Linking CXX static library libcmTC_0bc2b.a
/usr/bin/cmake -P CMakeFiles/cmTC_0bc2b.dir/cmake_clean_target.cmake
/usr/bin/cmake -E cmake_link_script CMakeFiles/cmTC_0bc2b.dir/link.txt --verbose=1
/usr/bin/arm-none-eabi-ar qc libcmTC_0bc2b.a  CMakeFiles/cmTC_0bc2b.dir/feature_tests.cxx.obj
/usr/bin/arm-none-eabi-ranlib libcmTC_0bc2b.a
make[1]: Leaving directory '/home/wcsn/Documents/LoRaMac-node/build/CMakeFiles/CMakeTmp'


    Feature record: CXX_FEATURE:0cxx_aggregate_default_initializers
    Feature record: CXX_FEATURE:0cxx_alias_templates
    Feature record: CXX_FEATURE:0cxx_alignas
    Feature record: CXX_FEATURE:0cxx_alignof
    Feature record: CXX_FEATURE:0cxx_attributes
    Feature record: CXX_FEATURE:0cxx_attribute_deprecated
    Feature record: CXX_FEATURE:0cxx_auto_type
    Feature record: CXX_FEATURE:0cxx_binary_literals
    Feature record: CXX_FEATURE:0cxx_constexpr
    Feature record: CXX_FEATURE:0cxx_contextual_conversions
    Feature record: CXX_FEATURE:0cxx_decltype
    Feature record: CXX_FEATURE:0cxx_decltype_auto
    Feature record: CXX_FEATURE:0cxx_decltype_incomplete_return_types
    Feature record: CXX_FEATURE:0cxx_default_function_template_args
    Feature record: CXX_FEATURE:0cxx_defaulted_functions
    Feature record: CXX_FEATURE:0cxx_defaulted_move_initializers
    Feature record: CXX_FEATURE:0cxx_delegating_constructors
    Feature record: CXX_FEATURE:0cxx_deleted_functions
    Feature record: CXX_FEATURE:0cxx_digit_separators
    Feature record: CXX_FEATURE:0cxx_enum_forward_declarations
    Feature record: CXX_FEATURE:0cxx_explicit_conversions
    Feature record: CXX_FEATURE:0cxx_extended_friend_declarations
    Feature record: CXX_FEATURE:0cxx_extern_templates
    Feature record: CXX_FEATURE:0cxx_final
    Feature record: CXX_FEATURE:0cxx_func_identifier
    Feature record: CXX_FEATURE:0cxx_generalized_initializers
    Feature record: CXX_FEATURE:0cxx_generic_lambdas
    Feature record: CXX_FEATURE:0cxx_inheriting_constructors
    Feature record: CXX_FEATURE:0cxx_inline_namespaces
    Feature record: CXX_FEATURE:0cxx_lambdas
    Feature record: CXX_FEATURE:0cxx_lambda_init_captures
    Feature record: CXX_FEATURE:0cxx_local_type_template_args
    Feature record: CXX_FEATURE:0cxx_long_long_type
    Feature record: CXX_FEATURE:0cxx_noexcept
    Feature record: CXX_FEATURE:0cxx_nonstatic_member_init
    Feature record: CXX_FEATURE:0cxx_nullptr
    Feature record: CXX_FEATURE:0cxx_override
    Feature record: CXX_FEATURE:0cxx_range_for
    Feature record: CXX_FEATURE:0cxx_raw_string_literals
    Feature record: CXX_FEATURE:0cxx_reference_qualified_functions
    Feature record: CXX_FEATURE:0cxx_relaxed_constexpr
    Feature record: CXX_FEATURE:0cxx_return_type_deduction
    Feature record: CXX_FEATURE:0cxx_right_angle_brackets
    Feature record: CXX_FEATURE:0cxx_rvalue_references
    Feature record: CXX_FEATURE:0cxx_sizeof_member
    Feature record: CXX_FEATURE:0cxx_static_assert
    Feature record: CXX_FEATURE:0cxx_strong_enums
    Feature record: CXX_FEATURE:1cxx_template_template_parameters
    Feature record: CXX_FEATURE:0cxx_thread_local
    Feature record: CXX_FEATURE:0cxx_trailing_return_types
    Feature record: CXX_FEATURE:0cxx_unicode_literals
    Feature record: CXX_FEATURE:0cxx_uniform_initialization
    Feature record: CXX_FEATURE:0cxx_unrestricted_unions
    Feature record: CXX_FEATURE:0cxx_user_literals
    Feature record: CXX_FEATURE:0cxx_variable_templates
    Feature record: CXX_FEATURE:0cxx_variadic_macros
    Feature record: CXX_FEATURE:0cxx_variadic_templates
Checking whether the ASM compiler is GNU using "--version" matched "(GNU assembler)|(GCC)|(Free Software Foundation)":
arm-none-eabi-gcc (GNU Tools for Arm Embedded Processors 7-2018-q3-update) 7.3.1 20180622 (release) [ARM/embedded-7-branch revision 261907]
Copyright (C) 2017 Free Software Foundation, Inc.
This is free software; see the source for copying conditions.  There is NO
warranty; not even for MERCHANTABILITY or FITNESS FOR A PARTICULAR PURPOSE.

